<?xml version="1.0" encoding="UTF-8"?>
<!-- Generated by org.testng.reporters.JUnitXMLReporter -->
<testsuite ignored="0" hostname="L103819.local" failures="1" tests="1" name="Web" time="15.473" errors="0" timestamp="15 Jun 2022 21:53:23 GMT">
  <testcase classname="Tests.AddCartTest" name="verifyAddToCartTest" time="4.009">
    <failure type="java.lang.AssertionError" message="expected [true] but found [false]">
      <![CDATA[java.lang.AssertionError: expected [true] but found [false]
at Pages.HomePage.addToCart(HomePage.java:88)
at Tests.AddCartTest.verifyAddToCartTest(AddCartTest.java:30)
... Removed 33 stack frames]]>
    </failure>
  </testcase> <!-- verifyAddToCartTest -->
</testsuite> <!-- Web -->
