-------------------------------------------------------------------------------
Test set: TestSuite
-------------------------------------------------------------------------------
Tests run: 1, Failures: 1, Errors: 0, Skipped: 0, Time elapsed: 16.388 s <<< FAILURE! - in TestSuite
Tests.AddCartTest.verifyAddToCartTest  Time elapsed: 3.993 s  <<< FAILURE!
java.lang.AssertionError: expected [true] but found [false]
	at Tests.AddCartTest.verifyAddToCartTest(AddCartTest.java:30)

